Sat Mar 30 2024 15:5:0 } [PH] error: 
Invalid `prisma.appointment.findMany()` invocation:


Database `DATABASE` does not exist on the database server at `localhost:5432`.
Sat Mar 30 2024 15:6:0 } [PH] error: 
Invalid `prisma.appointment.findMany()` invocation:


Database `DATABASE` does not exist on the database server at `localhost:5432`.
Sat Mar 30 2024 15:7:1 } [PH] error: 
Invalid `prisma.appointment.findMany()` invocation:


Database `DATABASE` does not exist on the database server at `localhost:5432`.
Sat Mar 30 2024 15:8:0 } [PH] error: 
Invalid `prisma.appointment.findMany()` invocation:


Can't reach database server at `localhost`:`5432`

Please make sure your database server is running at `localhost`:`5432`.
Sat Mar 30 2024 15:18:0 } [PH] error: 
Invalid `prisma.appointment.findMany()` invocation:


Database `DATABASE` does not exist on the database server at `localhost:5432`.
Sat Mar 30 2024 15:19:0 } [PH] error: 
Invalid `prisma.appointment.findMany()` invocation:


Database `DATABASE` does not exist on the database server at `localhost:5432`.
Sat Mar 30 2024 15:20:0 } [PH] error: 
Invalid `prisma.appointment.findMany()` invocation:


Database `DATABASE` does not exist on the database server at `localhost:5432`.
Sat Mar 30 2024 15:21:0 } [PH] error: 
Invalid `prisma.appointment.findMany()` invocation:


Can't reach database server at `localhost`:`5432`

Please make sure your database server is running at `localhost`:`5432`.
Sat Mar 30 2024 15:22:0 } [PH] error: 
Invalid `prisma.appointment.findMany()` invocation:


Can't reach database server at `localhost`:`5432`

Please make sure your database server is running at `localhost`:`5432`.
Sat Mar 30 2024 15:23:0 } [PH] error: 
Invalid `prisma.appointment.findMany()` invocation:


Can't reach database server at `localhost`:`5432`

Please make sure your database server is running at `localhost`:`5432`.
Sat Mar 30 2024 15:24:0 } [PH] error: 
Invalid `prisma.appointment.findMany()` invocation:


Can't reach database server at `localhost`:`5432`

Please make sure your database server is running at `localhost`:`5432`.
Sat Mar 30 2024 15:25:0 } [PH] error: 
Invalid `prisma.appointment.findMany()` invocation:


Can't reach database server at `localhost`:`5432`

Please make sure your database server is running at `localhost`:`5432`.
Sat Mar 30 2024 15:26:0 } [PH] error: 
Invalid `prisma.appointment.findMany()` invocation:


Can't reach database server at `localhost`:`5432`

Please make sure your database server is running at `localhost`:`5432`.
Sat Mar 30 2024 15:27:0 } [PH] error: 
Invalid `prisma.appointment.findMany()` invocation:


Can't reach database server at `localhost`:`5432`

Please make sure your database server is running at `localhost`:`5432`.
